<?xml version="1.0" encoding="UTF-8"?>
<testsuites name="Login" time="49" tests="4" failures="0" errors="0">
   <testsuite name="Login" tests="4" failures="0" errors="0" time="49" timestamp="2019-04-23 16:00:02" hostname="User - 192.168.170.2" id="Test Suites/Login">
      <properties>
         <property name="deviceName" value=""/>
         <property name="devicePlatform" value=""/>
         <property name="logFolder" value="C:\\Users\\User\\Katalon Studio\\SwagLabs\\Reports\\Login\\20190423_155956"/>
         <property name="logFiles" value="C:\\Users\\User\\Katalon Studio\\SwagLabs\\Reports\\Login\\20190423_155956\\execution0.log"/>
         <property name="attachments" value=""/>
         <property name="hostName" value="User - 192.168.170.2"/>
         <property name="os" value="Windows 10 64bit"/>
         <property name="katalonVersion" value="6.0.5.4"/>
         <property name="browser" value="Firefox 65.0"/>
         <property name="hostAddress" value="192.168.170.2"/>
         <property name="sessionId" value="9e6c05af-7120-4be8-aa6b-33ad5ae27183"/>
         <property name="seleniumVersion" value="3.7.1"/>
         <property name="proxyInformation" value="ProxyInformation{proxyOption=NO_PROXY, proxyServerType=HTTP, password=, proxyServerAddress=, proxyServerPort=0}"/>
         <property name="platform" value="Windows 10"/>
      </properties>
      <testcase name="Test Cases/Login/TC01 Input valid username and valid password" classname="Test Cases/Login/TC01 Input valid username and valid password" status="PASSED">
         <system-out><![CDATA[2019-04-23 16:00:02 - [TEST_CASE][PASSED] - Test Cases/Login/TC01 Input valid username and valid password: Test Cases/Login/TC01 Input valid username and valid password

2019-04-23 16:00:02 - [TEST_STEP][PASSED] - openBrowser(""): Browser is opened with url: ''

2019-04-23 16:00:03 - [MESSAGE][INFO] - Starting 'Firefox' driver

2019-04-23 16:00:03 - [MESSAGE][INFO] - Action delay is set to 0 seconds

2019-04-23 16:00:07 - [MESSAGE][PASSED] - Browser is opened with url: ''

2019-04-23 16:00:07 - [TEST_STEP][PASSED] - navigateToUrl("https://www.saucedemo.com/"): Navigate to 'https://www.saucedemo.com/' successfully

2019-04-23 16:00:11 - [MESSAGE][PASSED] - Navigate to 'https://www.saucedemo.com/' successfully

2019-04-23 16:00:11 - [TEST_STEP][PASSED] - setText(findTestObject("Object Repository/Login/TC01/Page_Swag Labs/input_standard_userlocked_out_userproblem_userperformance_glitch_user_user-name"), "standard_user"): Text 'standard_user' is set on object 'Object Repository/Login/TC01/Page_Swag Labs/input_standard_userlocked_out_userproblem_userperformance_glitch_user_user-name'

2019-04-23 16:00:11 - [MESSAGE][PASSED] - Text 'standard_user' is set on object 'Object Repository/Login/TC01/Page_Swag Labs/input_standard_userlocked_out_userproblem_userperformance_glitch_user_user-name'

2019-04-23 16:00:11 - [TEST_STEP][PASSED] - setEncryptedText(findTestObject("Object Repository/Login/TC01/Page_Swag Labs/input_standard_userlocked_out_userproblem_userperformance_glitch_user_password"), "qcu24s4901FyWDTwXGr6XA=="): Text ****** has been set on object 'Object Repository/Login/TC01/Page_Swag Labs/input_standard_userlocked_out_userproblem_userperformance_glitch_user_password'

2019-04-23 16:00:11 - [MESSAGE][PASSED] - Text ****** has been set on object 'Object Repository/Login/TC01/Page_Swag Labs/input_standard_userlocked_out_userproblem_userperformance_glitch_user_password'

2019-04-23 16:00:11 - [TEST_STEP][PASSED] - click(findTestObject("Object Repository/Login/TC01/Page_Swag Labs/input_standard_userlocked_out_userproblem_userperformance_glitch_user_btn_action")): Object: 'Object Repository/Login/TC01/Page_Swag Labs/input_standard_userlocked_out_userproblem_userperformance_glitch_user_btn_action' is clicked on

2019-04-23 16:00:24 - [MESSAGE][PASSED] - Object: 'Object Repository/Login/TC01/Page_Swag Labs/input_standard_userlocked_out_userproblem_userperformance_glitch_user_btn_action' is clicked on]]></system-out>
         <system-err><![CDATA[]]></system-err>
      </testcase>
      <testcase name="Test Cases/Login/TC02 Input valid username and invalid password" classname="Test Cases/Login/TC02 Input valid username and invalid password" status="PASSED">
         <system-out><![CDATA[2019-04-23 16:00:24 - [TEST_CASE][PASSED] - Test Cases/Login/TC02 Input valid username and invalid password: Test Cases/Login/TC02 Input valid username and invalid password

2019-04-23 16:00:24 - [TEST_STEP][PASSED] - openBrowser(""): Browser is opened with url: ''

2019-04-23 16:00:24 - [MESSAGE][WARNING] - A browser is already opened. Closing browser and opening a new one

2019-04-23 16:00:25 - [MESSAGE][INFO] - Starting 'Firefox' driver

2019-04-23 16:00:28 - [MESSAGE][PASSED] - Browser is opened with url: ''

2019-04-23 16:00:28 - [TEST_STEP][PASSED] - navigateToUrl("https://www.saucedemo.com/"): Navigate to 'https://www.saucedemo.com/' successfully

2019-04-23 16:00:32 - [MESSAGE][PASSED] - Navigate to 'https://www.saucedemo.com/' successfully

2019-04-23 16:00:32 - [TEST_STEP][PASSED] - setText(findTestObject("Object Repository/Login/TC02/Page_Swag Labs/input_standard_userlocked_out_userproblem_userperformance_glitch_user_user-name"), "standard_user"): Text 'standard_user' is set on object 'Object Repository/Login/TC02/Page_Swag Labs/input_standard_userlocked_out_userproblem_userperformance_glitch_user_user-name'

2019-04-23 16:00:32 - [MESSAGE][PASSED] - Text 'standard_user' is set on object 'Object Repository/Login/TC02/Page_Swag Labs/input_standard_userlocked_out_userproblem_userperformance_glitch_user_user-name'

2019-04-23 16:00:32 - [TEST_STEP][PASSED] - setEncryptedText(findTestObject("Object Repository/Login/TC02/Page_Swag Labs/input_standard_userlocked_out_userproblem_userperformance_glitch_user_password"), "qcu24s4901GnUKwvq7K5QQ=="): Text ****** has been set on object 'Object Repository/Login/TC02/Page_Swag Labs/input_standard_userlocked_out_userproblem_userperformance_glitch_user_password'

2019-04-23 16:00:32 - [MESSAGE][PASSED] - Text ****** has been set on object 'Object Repository/Login/TC02/Page_Swag Labs/input_standard_userlocked_out_userproblem_userperformance_glitch_user_password'

2019-04-23 16:00:32 - [TEST_STEP][PASSED] - click(findTestObject("Object Repository/Login/TC02/Page_Swag Labs/input_standard_userlocked_out_userproblem_userperformance_glitch_user_btn_action")): Object: 'Object Repository/Login/TC02/Page_Swag Labs/input_standard_userlocked_out_userproblem_userperformance_glitch_user_btn_action' is clicked on

2019-04-23 16:00:32 - [MESSAGE][PASSED] - Object: 'Object Repository/Login/TC02/Page_Swag Labs/input_standard_userlocked_out_userproblem_userperformance_glitch_user_btn_action' is clicked on]]></system-out>
         <system-err><![CDATA[]]></system-err>
      </testcase>
      <testcase name="Test Cases/Login/TC03 Input invalid username and valid password" classname="Test Cases/Login/TC03 Input invalid username and valid password" status="PASSED">
         <system-out><![CDATA[2019-04-23 16:00:32 - [TEST_CASE][PASSED] - Test Cases/Login/TC03 Input invalid username and valid password: Test Cases/Login/TC03 Input invalid username and valid password

2019-04-23 16:00:32 - [TEST_STEP][PASSED] - openBrowser(""): Browser is opened with url: ''

2019-04-23 16:00:32 - [MESSAGE][WARNING] - A browser is already opened. Closing browser and opening a new one

2019-04-23 16:00:33 - [MESSAGE][INFO] - Starting 'Firefox' driver

2019-04-23 16:00:37 - [MESSAGE][PASSED] - Browser is opened with url: ''

2019-04-23 16:00:37 - [TEST_STEP][PASSED] - navigateToUrl("https://www.saucedemo.com/"): Navigate to 'https://www.saucedemo.com/' successfully

2019-04-23 16:00:42 - [MESSAGE][PASSED] - Navigate to 'https://www.saucedemo.com/' successfully

2019-04-23 16:00:42 - [TEST_STEP][PASSED] - setText(findTestObject("Object Repository/Login/TC03/Page_Swag Labs/input_standard_userlocked_out_userproblem_userperformance_glitch_user_user-name"), "RICKY1234"): Text 'RICKY1234' is set on object 'Object Repository/Login/TC03/Page_Swag Labs/input_standard_userlocked_out_userproblem_userperformance_glitch_user_user-name'

2019-04-23 16:00:42 - [MESSAGE][PASSED] - Text 'RICKY1234' is set on object 'Object Repository/Login/TC03/Page_Swag Labs/input_standard_userlocked_out_userproblem_userperformance_glitch_user_user-name'

2019-04-23 16:00:42 - [TEST_STEP][PASSED] - setEncryptedText(findTestObject("Object Repository/Login/TC03/Page_Swag Labs/input_standard_userlocked_out_userproblem_userperformance_glitch_user_password"), "qcu24s4901FyWDTwXGr6XA=="): Text ****** has been set on object 'Object Repository/Login/TC03/Page_Swag Labs/input_standard_userlocked_out_userproblem_userperformance_glitch_user_password'

2019-04-23 16:00:42 - [MESSAGE][PASSED] - Text ****** has been set on object 'Object Repository/Login/TC03/Page_Swag Labs/input_standard_userlocked_out_userproblem_userperformance_glitch_user_password'

2019-04-23 16:00:42 - [TEST_STEP][PASSED] - click(findTestObject("Object Repository/Login/TC03/Page_Swag Labs/input_standard_userlocked_out_userproblem_userperformance_glitch_user_btn_action")): Object: 'Object Repository/Login/TC03/Page_Swag Labs/input_standard_userlocked_out_userproblem_userperformance_glitch_user_btn_action' is clicked on

2019-04-23 16:00:42 - [MESSAGE][PASSED] - Object: 'Object Repository/Login/TC03/Page_Swag Labs/input_standard_userlocked_out_userproblem_userperformance_glitch_user_btn_action' is clicked on]]></system-out>
         <system-err><![CDATA[]]></system-err>
      </testcase>
      <testcase name="Test Cases/Login/TC04 Input invalid username and invalid password" classname="Test Cases/Login/TC04 Input invalid username and invalid password" status="PASSED">
         <system-out><![CDATA[2019-04-23 16:00:42 - [TEST_CASE][PASSED] - Test Cases/Login/TC04 Input invalid username and invalid password: Test Cases/Login/TC04 Input invalid username and invalid password

2019-04-23 16:00:42 - [TEST_STEP][PASSED] - openBrowser(""): Browser is opened with url: ''

2019-04-23 16:00:42 - [MESSAGE][WARNING] - A browser is already opened. Closing browser and opening a new one

2019-04-23 16:00:43 - [MESSAGE][INFO] - Starting 'Firefox' driver

2019-04-23 16:00:46 - [MESSAGE][PASSED] - Browser is opened with url: ''

2019-04-23 16:00:46 - [TEST_STEP][PASSED] - navigateToUrl("https://www.saucedemo.com/"): Navigate to 'https://www.saucedemo.com/' successfully

2019-04-23 16:00:50 - [MESSAGE][PASSED] - Navigate to 'https://www.saucedemo.com/' successfully

2019-04-23 16:00:50 - [TEST_STEP][PASSED] - setText(findTestObject("Object Repository/Login/TC04/Page_Swag Labs/input_standard_userlocked_out_userproblem_userperformance_glitch_user_user-name"), "ricky1234"): Text 'ricky1234' is set on object 'Object Repository/Login/TC04/Page_Swag Labs/input_standard_userlocked_out_userproblem_userperformance_glitch_user_user-name'

2019-04-23 16:00:50 - [MESSAGE][PASSED] - Text 'ricky1234' is set on object 'Object Repository/Login/TC04/Page_Swag Labs/input_standard_userlocked_out_userproblem_userperformance_glitch_user_user-name'

2019-04-23 16:00:50 - [TEST_STEP][PASSED] - setEncryptedText(findTestObject("Object Repository/Login/TC04/Page_Swag Labs/input_standard_userlocked_out_userproblem_userperformance_glitch_user_password"), "6/r0/aE9fcumoqDUc6810w=="): Text ****** has been set on object 'Object Repository/Login/TC04/Page_Swag Labs/input_standard_userlocked_out_userproblem_userperformance_glitch_user_password'

2019-04-23 16:00:50 - [MESSAGE][PASSED] - Text ****** has been set on object 'Object Repository/Login/TC04/Page_Swag Labs/input_standard_userlocked_out_userproblem_userperformance_glitch_user_password'

2019-04-23 16:00:50 - [TEST_STEP][PASSED] - click(findTestObject("Object Repository/Login/TC04/Page_Swag Labs/input_standard_userlocked_out_userproblem_userperformance_glitch_user_btn_action")): Object: 'Object Repository/Login/TC04/Page_Swag Labs/input_standard_userlocked_out_userproblem_userperformance_glitch_user_btn_action' is clicked on

2019-04-23 16:00:50 - [MESSAGE][PASSED] - Object: 'Object Repository/Login/TC04/Page_Swag Labs/input_standard_userlocked_out_userproblem_userperformance_glitch_user_btn_action' is clicked on]]></system-out>
         <system-err><![CDATA[]]></system-err>
      </testcase>
      <system-out><![CDATA[2019-04-23 16:00:02 - [TEST_SUITE][PASSED] - Login: Test Cases/Login/TC04 Input invalid username and invalid password]]></system-out>
      <system-err><![CDATA[]]></system-err>
   </testsuite>
</testsuites>
